#
# A fatal error has been detected by the Java Runtime Environment:
#
#  EXCEPTION_ACCESS_VIOLATION (0xc0000005) at pc=0x0000000004358495, pid=304, tid=0x0000000000001af4
#
# JRE version: OpenJDK Runtime Environment (8.0_152-b01) (build 1.8.0_152-release-1248-b01)
# Java VM: OpenJDK 64-Bit Server VM (25.152-b01 mixed mode windows-amd64 compressed oops)
# Problematic frame:
# J 6450 C1 org.gradle.internal.classloader.FilteringClassLoader.allowed(Ljava/lang/String;)Z (59 bytes) @ 0x0000000004358495 [0x0000000004357ee0+0x5b5]
#
# Failed to write core dump. Minidumps are not enabled by default on client versions of Windows
#
# If you would like to submit a bug report, please visit:
#   http://bugreport.java.com/bugreport/crash.jsp
#

---------------  T H R E A D  ---------------

Current thread (0x000000001c47b000):  JavaThread "Daemon worker Thread 2" [_thread_in_Java, id=6900, stack(0x00000000284f0000,0x00000000285f0000)]

siginfo: ExceptionCode=0xc0000005, writing address 0x00000001370d99a1

Registers:
RAX=0x00000000ee0d99a0, RBX=0x0000000012000000, RCX=0x00000000a04ef270, RDX=0x00000001000b0890
RSP=0x00000000285e8f00, RBP=0x00000000285e9490, RSI=0x0000000023be1e90, RDI=0x0000000000000011
R8 =0x00000000007706cc, R9 =0x0000000000000002, R10=0x00000000a04eee00, R11=0x0000000000000010
R12=0x0000000000000000, R13=0x00000000285e93b0, R14=0x00000000285e9538, R15=0x000000001c47b000
RIP=0x0000000004358495, EFLAGS=0x0000000000010246

Top of Stack: (sp=0x00000000285e8f00)
0x00000000285e8f00:   0000000000000000 00000000ee0b2898
0x00000000285e8f10:   0000000000000000 00000000a1667778
0x00000000285e8f20:   0000000000000000 000000000000001d
0x00000000285e8f30:   0000000000000000 00000000a04ee110
0x00000000285e8f40:   00000000ee0d98e0 00000000ee0d99a0
0x00000000285e8f50:   000000001cebc700 00000000ffffffff
0x00000000285e8f60:   00000000285e9490 000000000442ed34
0x00000000285e8f70:   00000000285e91d0 000000006d24dc01
0x00000000285e8f80:   0000000022fa93e8 00000000285e9080
0x00000000285e8f90:   00000000a04ee110 00000000ee0d98e0
0x00000000285e8fa0:   0000000003186d60 00000000285e9218
0x00000000285e8fb0:   00000000285e9490 00000000043065c4
0x00000000285e8fc0:   0000000022fa93e8 000000006d230cb6
0x00000000285e8fd0:   0000000000000003 000000006d23070d
0x00000000285e8fe0:   00000000162c7268 0000000003056760
0x00000000285e8ff0:   00000000a1a5a3e0 0000000000000000 

Instructions: (pc=0x0000000004358495)
0x0000000004358475:   48 3b 00 48 8b d0 48 be 90 1e be 23 00 00 00 00
0x0000000004358485:   8b 52 08 48 c1 e2 03 48 3b 96 90 01 00 00 75 0d
0x0000000004358495:   48 83 86 98 01 00 00 01 e9 66 00 00 00 48 3b 96
0x00000000043584a5:   a0 01 00 00 75 0d 48 83 86 a8 01 00 00 01 e9 50 


Register to memory mapping:

RAX=0x00000000ee0d99a0 is an oop
java.util.HashMap$KeyIterator 
 - klass: 'java/util/HashMap$KeyIterator'
RBX=0x0000000012000000 is an unknown value
RCX=0x00000000a04ef270 is an oop
java.util.HashMap$Node 
 - klass: 'java/util/HashMap$Node'
RDX=0x00000001000b0890 is pointing into metadata
RSP=0x00000000285e8f00 is pointing into the stack for thread: 0x000000001c47b000
RBP=0x00000000285e9490 is pointing into the stack for thread: 0x000000001c47b000
RSI=0x0000000023be1e90 is pointing into metadata
RDI=0x0000000000000011 is an unknown value
R8 =0x00000000007706cc is an unknown value
R9 =0x0000000000000002 is an unknown value
R10=0x00000000a04eee00 is an oop
[Ljava.util.HashMap$Node; 
 - klass: 'java/util/HashMap$Node'[]
 - length: 16
R11=0x0000000000000010 is an unknown value
R12=0x0000000000000000 is an unknown value
R13=0x00000000285e93b0 is pointing into the stack for thread: 0x000000001c47b000
R14=0x00000000285e9538 is pointing into the stack for thread: 0x000000001c47b000
R15=0x000000001c47b000 is a thread


Stack: [0x00000000284f0000,0x00000000285f0000],  sp=0x00000000285e8f00,  free space=995k
Native frames: (J=compiled Java code, j=interpreted, Vv=VM code, C=native code)
C  0x0000000004358495


---------------  P R O C E S S  ---------------

Java Threads: ( => current thread )
  0x000000001fae0800 JavaThread "Cache worker for Build Output Cleanup Cache (C:\Android Project\GRWA\.gradle\buildOutputCleanup)" [_thread_blocked, id=6716, stack(0x00000000293f0000,0x00000000294f0000)]
  0x000000001fad9800 JavaThread "Cache worker for task history cache (C:\Android Project\GRWA\.gradle\4.10.1\taskHistory)" [_thread_blocked, id=5220, stack(0x00000000292f0000,0x00000000293f0000)]
  0x000000001fae0000 JavaThread "Task worker for ':' Thread 3" [_thread_blocked, id=2828, stack(0x00000000291f0000,0x00000000292f0000)]
  0x000000001fade800 JavaThread "Task worker for ':' Thread 2" [_thread_blocked, id=320, stack(0x00000000290f0000,0x00000000291f0000)]
  0x000000001fadd800 JavaThread "Task worker for ':'" [_thread_blocked, id=3648, stack(0x0000000028ff0000,0x00000000290f0000)]
  0x000000001fad9000 JavaThread "Cache worker for file content cache (C:\Android Project\GRWA\.gradle\4.10.1\fileContent)" [_thread_blocked, id=7148, stack(0x0000000028ef0000,0x0000000028ff0000)]
  0x000000001fadd000 JavaThread "Build operations Thread 4" [_thread_blocked, id=6864, stack(0x0000000028df0000,0x0000000028ef0000)]
  0x000000001fadb800 JavaThread "Build operations Thread 3" [_thread_blocked, id=4628, stack(0x0000000028cf0000,0x0000000028df0000)]
  0x000000001c480800 JavaThread "Build operations Thread 2" [_thread_blocked, id=7028, stack(0x0000000028bf0000,0x0000000028cf0000)]
  0x000000001c481000 JavaThread "Build operations" [_thread_blocked, id=1072, stack(0x0000000028af0000,0x0000000028bf0000)]
  0x000000001c47f800 JavaThread "Cache worker for cache directory md-rule (C:\Users\Itt\.gradle\caches\4.10.1\md-rule)" [_thread_blocked, id=6200, stack(0x00000000289f0000,0x0000000028af0000)]
  0x000000001c476000 JavaThread "Cache worker for cache directory md-supplier (C:\Users\Itt\.gradle\caches\4.10.1\md-supplier)" [_thread_blocked, id=3580, stack(0x00000000288f0000,0x00000000289f0000)]
  0x000000001c47c800 JavaThread "Cache worker for file hash cache (C:\Android Project\GRWA\.gradle\4.10.1\fileHashes)" [_thread_blocked, id=3824, stack(0x00000000287f0000,0x00000000288f0000)]
  0x000000001c479800 JavaThread "Stdin handler" [_thread_blocked, id=4912, stack(0x00000000286f0000,0x00000000287f0000)]
  0x000000001c47a800 JavaThread "Asynchronous log dispatcher for DefaultDaemonConnection: socket connection from /127.0.0.1:51615 to /127.0.0.1:51688" [_thread_blocked, id=6056, stack(0x00000000285f0000,0x00000000286f0000)]
=>0x000000001c47b000 JavaThread "Daemon worker Thread 2" [_thread_in_Java, id=6900, stack(0x00000000284f0000,0x00000000285f0000)]
  0x000000001c472000 JavaThread "Cancel handler" [_thread_blocked, id=3588, stack(0x00000000283f0000,0x00000000284f0000)]
  0x000000001c474800 JavaThread "Handler for socket connection from /127.0.0.1:51615 to /127.0.0.1:51688" [_thread_in_native, id=5900, stack(0x00000000282f0000,0x00000000283f0000)]
  0x000000001c479000 JavaThread "Daemon Thread 2" [_thread_blocked, id=6380, stack(0x00000000281f0000,0x00000000282f0000)]
  0x000000001fadf000 JavaThread "Cache worker for Java compile cache (C:\Users\Itt\.gradle\caches\4.10.1\javaCompile)" [_thread_blocked, id=6436, stack(0x0000000025500000,0x0000000025600000)]
  0x000000001c477800 JavaThread "MarlinRenderer Disposer" daemon [_thread_blocked, id=5196, stack(0x0000000024900000,0x0000000024a00000)]
  0x000000001c47e000 JavaThread "Java2D Disposer" daemon [_thread_blocked, id=4016, stack(0x0000000024800000,0x0000000024900000)]
  0x000000001c473800 JavaThread "Cache worker for file content cache (C:\Users\Itt\.gradle\caches\4.10.1\fileContent)" [_thread_blocked, id=6164, stack(0x0000000023800000,0x0000000023900000)]
  0x000000001c475000 JavaThread "Memory manager" [_thread_blocked, id=5656, stack(0x0000000023700000,0x0000000023800000)]
  0x000000001b706800 JavaThread "Cache worker for Artifact transforms cache (C:\Users\Itt\.gradle\caches\transforms-1)" [_thread_blocked, id=4852, stack(0x0000000020760000,0x0000000020860000)]
  0x000000001b700800 JavaThread "Cache worker for journal cache (C:\Users\Itt\.gradle\caches\journal-1)" [_thread_blocked, id=1848, stack(0x000000001d9c0000,0x000000001dac0000)]
  0x0000000019ba0800 JavaThread "File lock request listener" [_thread_in_native, id=652, stack(0x000000001c7f0000,0x000000001c8f0000)]
  0x0000000019ba0000 JavaThread "Cache worker for file hash cache (C:\Users\Itt\.gradle\caches\4.10.1\fileHashes)" [_thread_blocked, id=1112, stack(0x000000001c6f0000,0x000000001c7f0000)]
  0x0000000019a6e800 JavaThread "Daemon periodic checks" [_thread_blocked, id=3124, stack(0x000000001ac20000,0x000000001ad20000)]
  0x0000000019911000 JavaThread "Incoming local TCP Connector on port 51615" [_thread_in_native, id=2824, stack(0x000000001a720000,0x000000001a820000)]
  0x0000000016b0b000 JavaThread "Service Thread" daemon [_thread_blocked, id=5560, stack(0x0000000018810000,0x0000000018910000)]
  0x0000000016ab9800 JavaThread "C1 CompilerThread2" daemon [_thread_blocked, id=328, stack(0x0000000018310000,0x0000000018410000)]
  0x0000000016aab000 JavaThread "C2 CompilerThread1" daemon [_thread_in_native, id=1760, stack(0x0000000018210000,0x0000000018310000)]
  0x0000000016ab6800 JavaThread "C2 CompilerThread0" daemon [_thread_in_native, id=4484, stack(0x0000000018110000,0x0000000018210000)]
  0x0000000016ab5000 JavaThread "Attach Listener" daemon [_thread_blocked, id=3116, stack(0x0000000018010000,0x0000000018110000)]
  0x0000000016ab3800 JavaThread "Signal Dispatcher" daemon [_thread_blocked, id=3748, stack(0x0000000017f10000,0x0000000018010000)]
  0x000000000313b000 JavaThread "Finalizer" daemon [_thread_blocked, id=3836, stack(0x0000000017d20000,0x0000000017e20000)]
  0x000000000312f000 JavaThread "Reference Handler" daemon [_thread_blocked, id=3552, stack(0x0000000017c20000,0x0000000017d20000)]
  0x0000000002f2d800 JavaThread "main" [_thread_blocked, id=4488, stack(0x0000000002f40000,0x0000000003040000)]

Other Threads:
  0x0000000016a76800 VMThread [stack: 0x0000000017b20000,0x0000000017c20000] [id=6756]
  0x0000000018438800 WatcherThread [stack: 0x0000000018910000,0x0000000018a10000] [id=3556]

VM state:not at safepoint (normal execution)

VM Mutex/Monitor currently owned by a thread: None

Heap:
 PSYoungGen      total 344064K, used 241487K [0x00000000e0000000, 0x00000000f9480000, 0x0000000100000000)
  eden space 316928K, 72% used [0x00000000e0000000,0x00000000ee10d8f0,0x00000000f3580000)
  from space 27136K, 40% used [0x00000000f3580000,0x00000000f40463c8,0x00000000f5000000)
  to   space 25600K, 0% used [0x00000000f7b80000,0x00000000f7b80000,0x00000000f9480000)
 ParOldGen       total 114176K, used 38285K [0x00000000a0000000, 0x00000000a6f80000, 0x00000000e0000000)
  object space 114176K, 33% used [0x00000000a0000000,0x00000000a2563478,0x00000000a6f80000)
 Metaspace       used 85673K, capacity 88640K, committed 88856K, reserved 1126400K
  class space    used 11077K, capacity 11703K, committed 11824K, reserved 1048576K

Card table byte_map: [0x0000000012500000,0x0000000012810000] byte_map_base: 0x0000000012000000

Marking Bits: (ParMarkBitMap*) 0x000000006d825aa0
 Begin Bits: [0x0000000012e10000, 0x0000000014610000)
 End Bits:   [0x0000000014610000, 0x0000000015e10000)

Polling page: 0x0000000001280000

CodeCache: size=245760Kb used=38438Kb max_used=38438Kb free=207321Kb
 bounds [0x0000000003140000, 0x0000000005710000, 0x0000000012140000]
 total_blobs=13135 nmethods=12170 adapters=878
 compilation: enabled

Compilation events (10 events):
Event: 154.987 Thread 0x0000000016ab9800 14964       3       com.android.utils.PositionXmlParser$DomBuilder::setDocumentLocator (6 bytes)
Event: 154.987 Thread 0x0000000016ab9800 nmethod 14964 0x00000000056fd050 code [0x00000000056fd1a0, 0x00000000056fd310]
Event: 154.987 Thread 0x0000000016ab9800 14965       3       java.io.StringReader::close (6 bytes)
Event: 154.987 Thread 0x0000000016ab9800 nmethod 14965 0x00000000056fd390 code [0x00000000056fd4e0, 0x00000000056fd650]
Event: 154.988 Thread 0x0000000016ab9800 14966       3       com.android.utils.PositionXmlParser::parse (32 bytes)
Event: 154.990 Thread 0x0000000016ab9800 nmethod 14966 0x00000000056fd6d0 code [0x00000000056fd8e0, 0x00000000056fe3f8]
Event: 154.990 Thread 0x0000000016ab9800 14967       3       com.android.utils.PositionXmlParser::getXmlString (7 bytes)
Event: 154.990 Thread 0x0000000016ab9800 nmethod 14967 0x00000000056fea50 code [0x00000000056febc0, 0x00000000056fed28]
Event: 155.035 Thread 0x0000000016ab9800 14968       3       com.android.utils.PositionXmlParser::parse (54 bytes)
Event: 155.037 Thread 0x0000000016ab9800 nmethod 14968 0x00000000056fedd0 code [0x00000000056ff060, 0x0000000005700408]

GC Heap History (10 events):
Event: 25.252 GC heap before
{Heap before GC invocations=12 (full 3):
 PSYoungGen      total 243712K, used 18536K [0x00000000e0000000, 0x00000000f4d00000, 0x0000000100000000)
  eden space 223232K, 0% used [0x00000000e0000000,0x00000000e0000000,0x00000000eda00000)
  from space 20480K, 90% used [0x00000000eda00000,0x00000000eec1a080,0x00000000eee00000)
  to   space 23040K, 0% used [0x00000000f3680000,0x00000000f3680000,0x00000000f4d00000)
 ParOldGen       total 76800K, used 28444K [0x00000000a0000000, 0x00000000a4b00000, 0x00000000e0000000)
  object space 76800K, 37% used [0x00000000a0000000,0x00000000a1bc7208,0x00000000a4b00000)
 Metaspace       used 57656K, capacity 59122K, committed 59160K, reserved 1099776K
  class space    used 7859K, capacity 8240K, committed 8240K, reserved 1048576K
Event: 25.574 GC heap after
Heap after GC invocations=12 (full 3):
 PSYoungGen      total 243712K, used 0K [0x00000000e0000000, 0x00000000f4d00000, 0x0000000100000000)
  eden space 223232K, 0% used [0x00000000e0000000,0x00000000e0000000,0x00000000eda00000)
  from space 20480K, 0% used [0x00000000eda00000,0x00000000eda00000,0x00000000eee00000)
  to   space 23040K, 0% used [0x00000000f3680000,0x00000000f3680000,0x00000000f4d00000)
 ParOldGen       total 114176K, used 31707K [0x00000000a0000000, 0x00000000a6f80000, 0x00000000e0000000)
  object space 114176K, 27% used [0x00000000a0000000,0x00000000a1ef6f40,0x00000000a6f80000)
 Metaspace       used 57656K, capacity 59122K, committed 59160K, reserved 1099776K
  class space    used 7859K, capacity 8240K, committed 8240K, reserved 1048576K
}
Event: 40.752 GC heap before
{Heap before GC invocations=13 (full 3):
 PSYoungGen      total 243712K, used 223232K [0x00000000e0000000, 0x00000000f4d00000, 0x0000000100000000)
  eden space 223232K, 100% used [0x00000000e0000000,0x00000000eda00000,0x00000000eda00000)
  from space 20480K, 0% used [0x00000000eda00000,0x00000000eda00000,0x00000000eee00000)
  to   space 23040K, 0% used [0x00000000f3680000,0x00000000f3680000,0x00000000f4d00000)
 ParOldGen       total 114176K, used 31707K [0x00000000a0000000, 0x00000000a6f80000, 0x00000000e0000000)
  object space 114176K, 27% used [0x00000000a0000000,0x00000000a1ef6f40,0x00000000a6f80000)
 Metaspace       used 63598K, capacity 65114K, committed 65432K, reserved 1105920K
  class space    used 8438K, capacity 8856K, committed 8880K, reserved 1048576K
Event: 40.781 GC heap after
Heap after GC invocations=13 (full 3):
 PSYoungGen      total 273408K, used 6345K [0x00000000e0000000, 0x00000000f3d00000, 0x0000000100000000)
  eden space 266752K, 0% used [0x00000000e0000000,0x00000000e0000000,0x00000000f0480000)
  from space 6656K, 95% used [0x00000000f3680000,0x00000000f3cb24c0,0x00000000f3d00000)
  to   space 22528K, 0% used [0x00000000f1100000,0x00000000f1100000,0x00000000f2700000)
 ParOldGen       total 114176K, used 31715K [0x00000000a0000000, 0x00000000a6f80000, 0x00000000e0000000)
  object space 114176K, 27% used [0x00000000a0000000,0x00000000a1ef8f40,0x00000000a6f80000)
 Metaspace       used 63598K, capacity 65114K, committed 65432K, reserved 1105920K
  class space    used 8438K, capacity 8856K, committed 8880K, reserved 1048576K
}
Event: 49.232 GC heap before
{Heap before GC invocations=14 (full 3):
 PSYoungGen      total 273408K, used 273097K [0x00000000e0000000, 0x00000000f3d00000, 0x0000000100000000)
  eden space 266752K, 100% used [0x00000000e0000000,0x00000000f0480000,0x00000000f0480000)
  from space 6656K, 95% used [0x00000000f3680000,0x00000000f3cb24c0,0x00000000f3d00000)
  to   space 22528K, 0% used [0x00000000f1100000,0x00000000f1100000,0x00000000f2700000)
 ParOldGen       total 114176K, used 31715K [0x00000000a0000000, 0x00000000a6f80000, 0x00000000e0000000)
  object space 114176K, 27% used [0x00000000a0000000,0x00000000a1ef8f40,0x00000000a6f80000)
 Metaspace       used 73626K, capacity 75356K, committed 75416K, reserved 1114112K
  class space    used 9698K, capacity 10155K, committed 10160K, reserved 1048576K
Event: 49.294 GC heap after
Heap after GC invocations=14 (full 3):
 PSYoungGen      total 302080K, used 22519K [0x00000000e0000000, 0x00000000f6b80000, 0x0000000100000000)
  eden space 279552K, 0% used [0x00000000e0000000,0x00000000e0000000,0x00000000f1100000)
  from space 22528K, 99% used [0x00000000f1100000,0x00000000f26fde78,0x00000000f2700000)
  to   space 28160K, 0% used [0x00000000f5000000,0x00000000f5000000,0x00000000f6b80000)
 ParOldGen       total 114176K, used 38269K [0x00000000a0000000, 0x00000000a6f80000, 0x00000000e0000000)
  object space 114176K, 33% used [0x00000000a0000000,0x00000000a255f478,0x00000000a6f80000)
 Metaspace       used 73626K, capacity 75356K, committed 75416K, reserved 1114112K
  class space    used 9698K, capacity 10155K, committed 10160K, reserved 1048576K
}
Event: 55.918 GC heap before
{Heap before GC invocations=15 (full 3):
 PSYoungGen      total 302080K, used 302071K [0x00000000e0000000, 0x00000000f6b80000, 0x0000000100000000)
  eden space 279552K, 100% used [0x00000000e0000000,0x00000000f1100000,0x00000000f1100000)
  from space 22528K, 99% used [0x00000000f1100000,0x00000000f26fde78,0x00000000f2700000)
  to   space 28160K, 0% used [0x00000000f5000000,0x00000000f5000000,0x00000000f6b80000)
 ParOldGen       total 114176K, used 38269K [0x00000000a0000000, 0x00000000a6f80000, 0x00000000e0000000)
  object space 114176K, 33% used [0x00000000a0000000,0x00000000a255f478,0x00000000a6f80000)
 Metaspace       used 79662K, capacity 82176K, committed 82456K, reserved 1120256K
  class space    used 10388K, capacity 10981K, committed 11056K, reserved 1048576K
Event: 55.939 GC heap after
Heap after GC invocations=15 (full 3):
 PSYoungGen      total 345088K, used 10368K [0x00000000e0000000, 0x00000000f7280000, 0x0000000100000000)
  eden space 316928K, 0% used [0x00000000e0000000,0x00000000e0000000,0x00000000f3580000)
  from space 28160K, 36% used [0x00000000f5000000,0x00000000f5a20250,0x00000000f6b80000)
  to   space 27136K, 0% used [0x00000000f3580000,0x00000000f3580000,0x00000000f5000000)
 ParOldGen       total 114176K, used 38277K [0x00000000a0000000, 0x00000000a6f80000, 0x00000000e0000000)
  object space 114176K, 33% used [0x00000000a0000000,0x00000000a2561478,0x00000000a6f80000)
 Metaspace       used 79662K, capacity 82176K, committed 82456K, reserved 1120256K
  class space    used 10388K, capacity 10981K, committed 11056K, reserved 1048576K
}
Event: 61.443 GC heap before
{Heap before GC invocations=16 (full 3):
 PSYoungGen      total 345088K, used 326967K [0x00000000e0000000, 0x00000000f7280000, 0x0000000100000000)
  eden space 316928K, 99% used [0x00000000e0000000,0x00000000f352db78,0x00000000f3580000)
  from space 28160K, 36% used [0x00000000f5000000,0x00000000f5a20250,0x00000000f6b80000)
  to   space 27136K, 0% used [0x00000000f3580000,0x00000000f3580000,0x00000000f5000000)
 ParOldGen       total 114176K, used 38277K [0x00000000a0000000, 0x00000000a6f80000, 0x00000000e0000000)
  object space 114176K, 33% used [0x00000000a0000000,0x00000000a2561478,0x00000000a6f80000)
 Metaspace       used 80701K, capacity 83368K, committed 83608K, reserved 1122304K
  class space    used 10541K, capacity 11149K, committed 11184K, reserved 1048576K
Event: 61.463 GC heap after
Heap after GC invocations=16 (full 3):
 PSYoungGen      total 344064K, used 11032K [0x00000000e0000000, 0x00000000f9480000, 0x0000000100000000)
  eden space 316928K, 0% used [0x00000000e0000000,0x00000000e0000000,0x00000000f3580000)
  from space 27136K, 40% used [0x00000000f3580000,0x00000000f40463c8,0x00000000f5000000)
  to   space 25600K, 0% used [0x00000000f7b80000,0x00000000f7b80000,0x00000000f9480000)
 ParOldGen       total 114176K, used 38285K [0x00000000a0000000, 0x00000000a6f80000, 0x00000000e0000000)
  object space 114176K, 33% used [0x00000000a0000000,0x00000000a2563478,0x00000000a6f80000)
 Metaspace       used 80701K, capacity 83368K, committed 83608K, reserved 1122304K
  class space    used 10541K, capacity 11149K, committed 11184K, reserved 1048576K
}

Deoptimization events (10 events):
Event: 151.265 Thread 0x000000001c47b000 Uncommon trap: reason=unstable_if action=reinterpret pc=0x0000000003b40c14 method=java.util.concurrent.ConcurrentHashMap.get(Ljava/lang/Object;)Ljava/lang/Object; @ 76
Event: 151.433 Thread 0x000000001c47b000 Uncommon trap: reason=predicate action=maybe_recompile pc=0x0000000004f2ad18 method=com.google.common.collect.RegularImmutableMap.fromEntryArray(I[Ljava/util/Map$Entry;)Lcom/google/common/collect/ImmutableMap; @ 62
Event: 151.513 Thread 0x000000001c47b000 Uncommon trap: reason=class_check action=maybe_recompile pc=0x00000000053616ac method=java.util.concurrent.ConcurrentHashMap.computeIfAbsent(Ljava/lang/Object;Ljava/util/function/Function;)Ljava/lang/Object; @ 278
Event: 151.538 Thread 0x000000001c47b000 Uncommon trap: reason=class_check action=maybe_recompile pc=0x00000000053616ac method=java.util.concurrent.ConcurrentHashMap.computeIfAbsent(Ljava/lang/Object;Ljava/util/function/Function;)Ljava/lang/Object; @ 278
Event: 151.538 Thread 0x000000001c47b000 Uncommon trap: reason=bimorphic action=maybe_recompile pc=0x00000000043ea304 method=java.util.stream.StreamOpFlag.fromCharacteristics(Ljava/util/Spliterator;)I @ 14
Event: 151.540 Thread 0x000000001c47b000 Uncommon trap: reason=unstable_if action=reinterpret pc=0x00000000053ced28 method=java.util.stream.MatchOps$BooleanTerminalSink.<init>(Ljava/util/stream/MatchOps$MatchKind;)V @ 9
Event: 152.309 Thread 0x000000001fae0000 Uncommon trap: reason=unstable_if action=reinterpret pc=0x00000000033d682c method=java.io.WinNTFileSystem.resolve(Ljava/lang/String;Ljava/lang/String;)Ljava/lang/String; @ 36
Event: 153.964 Thread 0x000000001fae0000 Uncommon trap: reason=unstable_if action=reinterpret pc=0x000000000478e98c method=java.util.concurrent.ConcurrentLinkedQueue.poll()Ljava/lang/Object; @ 25
Event: 154.252 Thread 0x000000001c47b000 Uncommon trap: reason=class_check action=maybe_recompile pc=0x000000000483b4e4 method=com.sun.org.apache.xerces.internal.impl.XMLDocumentFragmentScannerImpl.setProperty(Ljava/lang/String;Ljava/lang/Object;)V @ 73
Event: 154.585 Thread 0x000000001c47b000 Uncommon trap: reason=null_check action=make_not_entrant pc=0x00000000056a0dac method=com.sun.org.apache.xerces.internal.dom.NamedNodeMapImpl.findNamePoint(Ljava/lang/String;Ljava/lang/String;)I @ 76

Classes redefined (0 events):
No events

Internal exceptions (10 events):
Event: 154.230 Thread 0x000000001c47b000 Exception <a 'sun/nio/fs/WindowsException'> (0x00000000eb27d9c0) thrown at [D:\src\AOSP-openjdk-cygwin\jdk8u\hotspot\src\share\vm\prims\jni.cpp, line 709]
Event: 154.230 Thread 0x000000001c47b000 Exception <a 'sun/nio/fs/WindowsException'> (0x00000000eb27fa18) thrown at [D:\src\AOSP-openjdk-cygwin\jdk8u\hotspot\src\share\vm\prims\jni.cpp, line 709]
Event: 154.230 Thread 0x000000001c47b000 Exception <a 'sun/nio/fs/WindowsException'> (0x00000000eb280670) thrown at [D:\src\AOSP-openjdk-cygwin\jdk8u\hotspot\src\share\vm\prims\jni.cpp, line 709]
Event: 154.236 Thread 0x000000001c47b000 Exception <a 'sun/nio/fs/WindowsException'> (0x00000000eb29f8f8) thrown at [D:\src\AOSP-openjdk-cygwin\jdk8u\hotspot\src\share\vm\prims\jni.cpp, line 709]
Event: 154.236 Thread 0x000000001c47b000 Exception <a 'sun/nio/fs/WindowsException'> (0x00000000eb2a0548) thrown at [D:\src\AOSP-openjdk-cygwin\jdk8u\hotspot\src\share\vm\prims\jni.cpp, line 709]
Event: 154.237 Thread 0x000000001c47b000 Exception <a 'sun/nio/fs/WindowsException'> (0x00000000eb2a25c8) thrown at [D:\src\AOSP-openjdk-cygwin\jdk8u\hotspot\src\share\vm\prims\jni.cpp, line 709]
Event: 154.237 Thread 0x000000001c47b000 Exception <a 'sun/nio/fs/WindowsException'> (0x00000000eb2a3220) thrown at [D:\src\AOSP-openjdk-cygwin\jdk8u\hotspot\src\share\vm\prims\jni.cpp, line 709]
Event: 154.354 Thread 0x000000001c47b000 Exception <a 'sun/nio/fs/WindowsException'> (0x00000000eb4a70f0) thrown at [D:\src\AOSP-openjdk-cygwin\jdk8u\hotspot\src\share\vm\prims\jni.cpp, line 709]
Event: 154.368 Thread 0x000000001fae0000 Exception <a 'sun/nio/fs/WindowsException'> (0x00000000eb192360) thrown at [D:\src\AOSP-openjdk-cygwin\jdk8u\hotspot\src\share\vm\prims\jni.cpp, line 709]
Event: 154.585 Thread 0x000000001c47b000 Implicit null exception at 0x00000000056a057e to 0x00000000056a0d8d

Events (10 events):
Event: 154.265 Executing VM operation: RevokeBias done
Event: 154.269 loading class com/squareup/javawriter/JavaWriter$Scope
Event: 154.269 loading class com/squareup/javawriter/JavaWriter$Scope done
Event: 154.514 loading class org/gradle/api/internal/changedetection/rules/ChangeDetectorVisitor
Event: 154.514 loading class org/gradle/api/internal/changedetection/rules/ChangeDetectorVisitor done
Event: 154.550 Thread 0x000000001c47b000 DEOPT PACKING pc=0x000000000449bfe9 sp=0x00000000285e9a00
Event: 154.550 Thread 0x000000001c47b000 DEOPT UNPACKING pc=0x00000000031871d0 sp=0x00000000285e9748 mode 0
Event: 154.585 Thread 0x000000001c47b000 Uncommon trap: trap_request=0xfffffff4 fr.pc=0x00000000056a0dac
Event: 154.585 Thread 0x000000001c47b000 DEOPT PACKING pc=0x00000000056a0dac sp=0x00000000285ea320
Event: 154.585 Thread 0x000000001c47b000 DEOPT UNPACKING pc=0x000000000318557b sp=0x00000000285ea2b0 mode 2


Dynamic libraries:
0x00007ff6a1650000 - 0x00007ff6a1681000 	C:\Program Files\Android\Android Studio\jre\bin\java.exe
0x00007ff827280000 - 0x00007ff827450000 	C:\Windows\SYSTEM32\ntdll.dll
0x00007ff824f70000 - 0x00007ff82501c000 	C:\Windows\System32\KERNEL32.DLL
0x00007ff824020000 - 0x00007ff82423d000 	C:\Windows\System32\KERNELBASE.dll
0x00007ff826a80000 - 0x00007ff826b22000 	C:\Windows\System32\ADVAPI32.dll
0x00007ff8250e0000 - 0x00007ff82517e000 	C:\Windows\System32\msvcrt.dll
0x00007ff826850000 - 0x00007ff8268a9000 	C:\Windows\System32\sechost.dll
0x00007ff824c00000 - 0x00007ff824d21000 	C:\Windows\System32\RPCRT4.dll
0x00007ff824910000 - 0x00007ff824a75000 	C:\Windows\System32\USER32.dll
0x00007ff8245a0000 - 0x00007ff8245be000 	C:\Windows\System32\win32u.dll
0x00007ff826b30000 - 0x00007ff826b64000 	C:\Windows\System32\GDI32.dll
0x00007ff8242b0000 - 0x00007ff824431000 	C:\Windows\System32\gdi32full.dll
0x00007ff816530000 - 0x00007ff8167aa000 	C:\Windows\WinSxS\amd64_microsoft.windows.common-controls_6595b64144ccf1df_6.0.14393.2608_none_7ddacc7e8347078e\COMCTL32.dll
0x00007ff826b70000 - 0x00007ff826e35000 	C:\Windows\System32\combase.dll
0x00007ff824710000 - 0x00007ff824804000 	C:\Windows\System32\ucrtbase.dll
0x00007ff824240000 - 0x00007ff8242aa000 	C:\Windows\System32\bcryptPrimitives.dll
0x00007ff824d30000 - 0x00007ff824d5e000 	C:\Windows\System32\IMM32.DLL
0x000000006c630000 - 0x000000006c702000 	C:\Program Files\Android\Android Studio\jre\jre\bin\msvcr100.dll
0x000000006d060000 - 0x000000006d8a1000 	C:\Program Files\Android\Android Studio\jre\jre\bin\server\jvm.dll
0x00007ff826690000 - 0x00007ff826698000 	C:\Windows\System32\PSAPI.DLL
0x00007ff81fb50000 - 0x00007ff81fb5a000 	C:\Windows\SYSTEM32\VERSION.dll
0x00007ff821920000 - 0x00007ff821943000 	C:\Windows\SYSTEM32\WINMM.dll
0x00007ff816ac0000 - 0x00007ff816ac9000 	C:\Windows\SYSTEM32\WSOCK32.dll
0x00007ff821760000 - 0x00007ff82178b000 	C:\Windows\SYSTEM32\WINMMBASE.dll
0x00007ff824f00000 - 0x00007ff824f6a000 	C:\Windows\System32\WS2_32.dll
0x00007ff8244f0000 - 0x00007ff824532000 	C:\Windows\System32\cfgmgr32.dll
0x00007ff816240000 - 0x00007ff81624f000 	C:\Program Files\Android\Android Studio\jre\jre\bin\verify.dll
0x00007ff80c1e0000 - 0x00007ff80c209000 	C:\Program Files\Android\Android Studio\jre\jre\bin\java.dll
0x00007ff80cf80000 - 0x00007ff80cf96000 	C:\Program Files\Android\Android Studio\jre\jre\bin\zip.dll
0x00007ff825180000 - 0x00007ff826685000 	C:\Windows\System32\SHELL32.dll
0x00007ff823940000 - 0x00007ff824019000 	C:\Windows\System32\windows.storage.dll
0x00007ff8236f0000 - 0x00007ff82373c000 	C:\Windows\System32\powrprof.dll
0x00007ff826910000 - 0x00007ff826962000 	C:\Windows\System32\shlwapi.dll
0x00007ff8236e0000 - 0x00007ff8236ef000 	C:\Windows\System32\kernel.appcore.dll
0x00007ff824660000 - 0x00007ff824709000 	C:\Windows\System32\shcore.dll
0x00007ff823740000 - 0x00007ff823754000 	C:\Windows\System32\profapi.dll
0x00007ff80c1c0000 - 0x00007ff80c1da000 	C:\Program Files\Android\Android Studio\jre\jre\bin\net.dll
0x00007ff822fb0000 - 0x00007ff82300c000 	C:\Windows\system32\mswsock.dll
0x00007ff81abc0000 - 0x00007ff81abd1000 	C:\Program Files\Android\Android Studio\jre\jre\bin\nio.dll
0x00007ff80ac10000 - 0x00007ff80ac2e000 	C:\Users\Itt\.gradle\native\25\windows-amd64\native-platform.dll
0x00007ff814be0000 - 0x00007ff814bed000 	C:\Program Files\Android\Android Studio\jre\jre\bin\management.dll
0x00007ff823150000 - 0x00007ff823167000 	C:\Windows\SYSTEM32\CRYPTSP.dll
0x00007ff822bb0000 - 0x00007ff822be3000 	C:\Windows\system32\rsaenh.dll
0x00007ff823620000 - 0x00007ff82364b000 	C:\Windows\SYSTEM32\bcrypt.dll
0x00007ff822e30000 - 0x00007ff822e4f000 	C:\Windows\SYSTEM32\USERENV.dll
0x00007ff823170000 - 0x00007ff82317b000 	C:\Windows\SYSTEM32\CRYPTBASE.dll
0x00007ff822d30000 - 0x00007ff822d68000 	C:\Windows\SYSTEM32\IPHLPAPI.DLL
0x00007ff8266a0000 - 0x00007ff8266a8000 	C:\Windows\System32\NSI.dll
0x00007ff81f970000 - 0x00007ff81f986000 	C:\Windows\SYSTEM32\dhcpcsvc6.DLL
0x00007ff81f950000 - 0x00007ff81f96a000 	C:\Windows\SYSTEM32\dhcpcsvc.DLL
0x00007ff80c000000 - 0x00007ff80c197000 	C:\Program Files\Android\Android Studio\jre\jre\bin\awt.dll
0x00007ff825020000 - 0x00007ff8250df000 	C:\Windows\System32\OLEAUT32.dll
0x00007ff8245c0000 - 0x00007ff82465c000 	C:\Windows\System32\msvcp_win.dll
0x00007ff81d780000 - 0x00007ff81dcdf000 	C:\Windows\SYSTEM32\d2d1.dll
0x00007ff823770000 - 0x00007ff823939000 	C:\Windows\System32\CRYPT32.dll
0x00007ff823760000 - 0x00007ff823770000 	C:\Windows\System32\MSASN1.dll
0x00007ff821d60000 - 0x00007ff821dda000 	C:\Windows\SYSTEM32\apphelp.dll
0x00007ff8212e0000 - 0x00007ff821306000 	C:\Windows\system32\DWMAPI.DLL
0x00007ff821f40000 - 0x00007ff821fd5000 	C:\Windows\system32\uxtheme.dll
0x00007ff81a6b0000 - 0x00007ff81a842000 	C:\Windows\SYSTEM32\dbghelp.dll

VM Arguments:
jvm_args: -Xmx1536m -Dfile.encoding=windows-1252 -Duser.country=US -Duser.language=en -Duser.variant 
java_command: org.gradle.launcher.daemon.bootstrap.GradleDaemon 4.10.1
java_class_path (initial): C:\Users\Itt\.gradle\wrapper\dists\gradle-4.10.1-all\455itskqi2qtf0v2sja68alqd\gradle-4.10.1\lib\gradle-launcher-4.10.1.jar
Launcher Type: SUN_STANDARD

Environment Variables:
PATH=C:\Windows\system32;C:\Windows;C:\Windows\System32\Wbem;C:\Windows\System32\WindowsPowerShell\v1.0\;C:\xampp\php;C:\ProgramData\ComposerSetup\bin;C:\Program Files\Git\cmd;C:\Users\Itt\AppData\Local\Microsoft\WindowsApps;C:\Users\Itt\AppData\Roaming\Composer\vendor\bin
USERNAME=Itt
OS=Windows_NT
PROCESSOR_IDENTIFIER=Intel64 Family 6 Model 37 Stepping 2, GenuineIntel



---------------  S Y S T E M  ---------------

OS: Windows 10.0 , 64 bit Build 14393 (10.0.14393.2758)

CPU:total 4 (initial active 4) (2 cores per cpu, 2 threads per core) family 6 model 37 stepping 2, cmov, cx8, fxsr, mmx, sse, sse2, sse3, ssse3, sse4.1, sse4.2, popcnt, ht, tsc, tscinvbit

Memory: 4k page, physical 6216820k(1644448k free), swap 8248436k(2628692k free)

vm_info: OpenJDK 64-Bit Server VM (25.152-b01) for windows-amd64 JRE (1.8.0_152-release-1248-b01), built by "builder" with MS VC++ 10.0 (VS2010)

time: Wed Feb 13 10:44:03 2019
elapsed time: 155 seconds (0d 0h 2m 35s)

